<?xml version="1.0" encoding="UTF-8"?>
<!-- Generated by org.testng.reporters.JUnitXMLReporter -->
<testsuite ignored="4" hostname="DESKTOP-LTRT9QS" failures="0" tests="6" name="nothing" time="0.104" errors="0" timestamp="2024-06-23T17:52:13 IST">
  <testcase classname="com.tsetng.demo.DemoTest" name="second1" time="0.012"/>
  <testcase classname="com.tsetng.demo.DemoTest" name="second2" time="0.002"/>
  <testcase classname="com.tsetng.demo.DemoTest" name="second3" time="0.004"/>
  <testcase classname="com.tsetng.demo.DemoTest" name="second4" time="0.004"/>
  <testcase classname="com.tsetng.demo.DemoTest" name="second5" time="0.003"/>
  <testcase classname="com.tsetng.demo.DemoTest" name="second6" time="0.004"/>
  <testcase classname="com.tsetng.demo.DemoTest" name="fivth" time="0.0">
    <ignored/>
  </testcase> <!-- fivth -->
  <testcase classname="com.tsetng.demo.DemoTest" name="first" time="0.0">
    <ignored/>
  </testcase> <!-- first -->
  <testcase classname="com.tsetng.demo.DemoTest" name="fourth" time="0.0">
    <ignored/>
  </testcase> <!-- fourth -->
  <testcase classname="com.tsetng.demo.DemoTest" name="third" time="0.0">
    <ignored/>
  </testcase> <!-- third -->
</testsuite> <!-- nothing -->
