<?xml version="1.0" encoding="UTF-8"?>
<!-- Generated by org.testng.reporters.JUnitXMLReporter -->
<testsuite ignored="0" hostname="DESKTOP-LTRT9QS" failures="0" tests="9" name="Test" time="0.154" errors="0" timestamp="2024-07-31T20:41:42 IST">
  <testcase classname="com.tsetng.demo.Batch.Sample3" name="TC3" time="0.019"/>
  <testcase classname="com.tsetng.demo.Batch.Sample1" name="TC2" time="0.021"/>
  <testcase classname="com.tsetng.demo.Batch.Sample3" name="TC2" time="0.019"/>
  <testcase classname="com.tsetng.demo.Batch.Sample1" name="TC1" time="0.019"/>
  <testcase classname="com.tsetng.demo.Batch.Sample3" name="TC1" time="0.019"/>
  <testcase classname="com.tsetng.demo.Batch.Sample2" name="TC2" time="0.002"/>
  <testcase classname="com.tsetng.demo.Batch.Sample2" name="TC3" time="0.005"/>
  <testcase classname="com.tsetng.demo.Batch.Sample1" name="TC3" time="0.021"/>
  <testcase classname="com.tsetng.demo.Batch.Sample2" name="TC1" time="0.015"/>
</testsuite> <!-- Test -->
